<?xml version="1.0" encoding="UTF-8"?>
<!-- Generated by org.testng.reporters.JUnitReportReporter -->
<testsuite skipped="0" hostname="DESKTOP-S8J8GPP" name="FirstTest" tests="1" failures="0" timestamp="27 Nov 2019 03:05:57 GMT" time="4.420" errors="1">
  <testcase name="GoogleTest" time="4.420" classname="FirstTest">
    <error type="org.openqa.selenium.SessionNotCreatedException" message="session not created: This version of ChromeDriver only supports Chrome version 75
Build info: version: &#039;3.141.5&#039;, revision: &#039;d54ebd709a&#039;, time: &#039;2018-11-06T11:42:16&#039;
System info: host: &#039;DESKTOP-S8J8GPP&#039;, ip: &#039;192.168.43.40&#039;, os.name: &#039;Windows 10&#039;, os.arch: &#039;amd64&#039;, os.version: &#039;10.0&#039;, java.version: &#039;1.8.0_171&#039;
Driver info: driver.version: ChromeDriver
remote stacktrace: Backtrace:
	Ordinal0 [0x00317DF3+1474035]
	Ordinal0 [0x002907D1+919505]
	Ordinal0 [0x0022CB43+510787]
	Ordinal0 [0x001C1B0F+72463]
	Ordinal0 [0x001BE3F3+58355]
	Ordinal0 [0x001E0CE4+199908]
	Ordinal0 [0x001E069D+198301]
	Ordinal0 [0x001DEECB+192203]
	Ordinal0 [0x001C5FF6+90102]
	Ordinal0 [0x001C765A+95834]
	Ordinal0 [0x001C7554+95572]
	GetHandleVerifier [0x0047231C+1249612]
	GetHandleVerifier [0x003C1575+525221]
	GetHandleVerifier [0x003C1310+524608]
	Ordinal0 [0x00325D28+1531176]
	GetHandleVerifier [0x003C1D4A+527226]
	Ordinal0 [0x002A75F6+1013238]
	Ordinal0 [0x002A746F+1012847]
	Ordinal0 [0x002B365B+1062491]
	Ordinal0 [0x002B379F+1062815]
	Ordinal0 [0x002B2745+1058629]
	BaseThreadInitThunk [0x762A8494+36]
	RtlAreBitsSet [0x779041C8+136]
	RtlAreBitsSet [0x77904198+88]
">
      <![CDATA[org.openqa.selenium.SessionNotCreatedException: session not created: This version of ChromeDriver only supports Chrome version 75
Build info: version: '3.141.5', revision: 'd54ebd709a', time: '2018-11-06T11:42:16'
System info: host: 'DESKTOP-S8J8GPP', ip: '192.168.43.40', os.name: 'Windows 10', os.arch: 'amd64', os.version: '10.0', java.version: '1.8.0_171'
Driver info: driver.version: ChromeDriver
remote stacktrace: Backtrace:
Ordinal0 [0x00317DF3+1474035]
Ordinal0 [0x002907D1+919505]
Ordinal0 [0x0022CB43+510787]
Ordinal0 [0x001C1B0F+72463]
Ordinal0 [0x001BE3F3+58355]
Ordinal0 [0x001E0CE4+199908]
Ordinal0 [0x001E069D+198301]
Ordinal0 [0x001DEECB+192203]
Ordinal0 [0x001C5FF6+90102]
Ordinal0 [0x001C765A+95834]
Ordinal0 [0x001C7554+95572]
GetHandleVerifier [0x0047231C+1249612]
GetHandleVerifier [0x003C1575+525221]
GetHandleVerifier [0x003C1310+524608]
Ordinal0 [0x00325D28+1531176]
GetHandleVerifier [0x003C1D4A+527226]
Ordinal0 [0x002A75F6+1013238]
Ordinal0 [0x002A746F+1012847]
Ordinal0 [0x002B365B+1062491]
Ordinal0 [0x002B379F+1062815]
Ordinal0 [0x002B2745+1058629]
BaseThreadInitThunk [0x762A8494+36]
RtlAreBitsSet [0x779041C8+136]
RtlAreBitsSet [0x77904198+88]

at sun.reflect.NativeConstructorAccessorImpl.newInstance0(Native Method)
at sun.reflect.NativeConstructorAccessorImpl.newInstance(NativeConstructorAccessorImpl.java:62)
at sun.reflect.DelegatingConstructorAccessorImpl.newInstance(DelegatingConstructorAccessorImpl.java:45)
at java.lang.reflect.Constructor.newInstance(Constructor.java:423)
at org.openqa.selenium.remote.W3CHandshakeResponse.lambda$errorHandler$0(W3CHandshakeResponse.java:62)
at org.openqa.selenium.remote.HandshakeResponse.lambda$getResponseFunction$0(HandshakeResponse.java:30)
at org.openqa.selenium.remote.ProtocolHandshake.lambda$createSession$0(ProtocolHandshake.java:123)
at java.util.stream.ReferencePipeline$3$1.accept(ReferencePipeline.java:193)
at java.util.Spliterators$ArraySpliterator.tryAdvance(Spliterators.java:958)
at java.util.stream.ReferencePipeline.forEachWithCancel(ReferencePipeline.java:126)
at java.util.stream.AbstractPipeline.copyIntoWithCancel(AbstractPipeline.java:498)
at java.util.stream.AbstractPipeline.copyInto(AbstractPipeline.java:485)
at java.util.stream.AbstractPipeline.wrapAndCopyInto(AbstractPipeline.java:471)
at java.util.stream.FindOps$FindOp.evaluateSequential(FindOps.java:152)
at java.util.stream.AbstractPipeline.evaluate(AbstractPipeline.java:234)
at java.util.stream.ReferencePipeline.findFirst(ReferencePipeline.java:464)
at org.openqa.selenium.remote.ProtocolHandshake.createSession(ProtocolHandshake.java:125)
at org.openqa.selenium.remote.ProtocolHandshake.createSession(ProtocolHandshake.java:74)
at org.openqa.selenium.remote.HttpCommandExecutor.execute(HttpCommandExecutor.java:136)
at org.openqa.selenium.remote.service.DriverCommandExecutor.execute(DriverCommandExecutor.java:83)
at org.openqa.selenium.remote.RemoteWebDriver.execute(RemoteWebDriver.java:552)
at org.openqa.selenium.remote.RemoteWebDriver.startSession(RemoteWebDriver.java:213)
at org.openqa.selenium.remote.RemoteWebDriver.<init>(RemoteWebDriver.java:131)
at org.openqa.selenium.chrome.ChromeDriver.<init>(ChromeDriver.java:181)
at org.openqa.selenium.chrome.ChromeDriver.<init>(ChromeDriver.java:168)
at org.openqa.selenium.chrome.ChromeDriver.<init>(ChromeDriver.java:123)
at FirstTest.GoogleTest(FirstTest.java:13)
at sun.reflect.NativeMethodAccessorImpl.invoke0(Native Method)
at sun.reflect.NativeMethodAccessorImpl.invoke(NativeMethodAccessorImpl.java:62)
at sun.reflect.DelegatingMethodAccessorImpl.invoke(DelegatingMethodAccessorImpl.java:43)
at java.lang.reflect.Method.invoke(Method.java:498)
at org.testng.internal.MethodInvocationHelper.invokeMethod(MethodInvocationHelper.java:124)
at org.testng.internal.Invoker.invokeMethod(Invoker.java:583)
at org.testng.internal.Invoker.invokeTestMethod(Invoker.java:719)
at org.testng.internal.Invoker.invokeTestMethods(Invoker.java:989)
at org.testng.internal.TestMethodWorker.invokeTestMethods(TestMethodWorker.java:125)
at org.testng.internal.TestMethodWorker.run(TestMethodWorker.java:109)
at org.testng.TestRunner.privateRun(TestRunner.java:648)
at org.testng.TestRunner.run(TestRunner.java:505)
at org.testng.SuiteRunner.runTest(SuiteRunner.java:455)
at org.testng.SuiteRunner.runSequentially(SuiteRunner.java:450)
at org.testng.SuiteRunner.privateRun(SuiteRunner.java:415)
at org.testng.SuiteRunner.run(SuiteRunner.java:364)
at org.testng.SuiteRunnerWorker.runSuite(SuiteRunnerWorker.java:52)
at org.testng.SuiteRunnerWorker.run(SuiteRunnerWorker.java:84)
at org.testng.TestNG.runSuitesSequentially(TestNG.java:1208)
at org.testng.TestNG.runSuitesLocally(TestNG.java:1137)
at org.testng.TestNG.runSuites(TestNG.java:1049)
at org.testng.TestNG.run(TestNG.java:1017)
at org.testng.remote.AbstractRemoteTestNG.run(AbstractRemoteTestNG.java:115)
at org.testng.remote.RemoteTestNG.initAndRun(RemoteTestNG.java:251)
at org.testng.remote.RemoteTestNG.main(RemoteTestNG.java:77)
]]>
    </error>
  </testcase> <!-- GoogleTest -->
</testsuite> <!-- FirstTest -->
